Starting simulation: -1 ns
I_top.I_Memory_PV : start of simulation
I_top.I_TrafficGen_PV : start of simulation
I_top.I_TrafficGen_PV : start WR [0x0]=55aa1234 : Offset=0 : Dsize=32 : Bsize=4
I_top.I_TrafficGen_PV : start WR [0x4]=55aa1235 : Offset=0 : Dsize=32 : Bsize=4
I_top.I_TrafficGen_PV : start WR [0x8]=55aa1236 : Offset=0 : Dsize=32 : Bsize=4
I_top.I_TrafficGen_PV : start WR [0xc]=55aa1237 : Offset=0 : Dsize=32 : Bsize=4

I_top.I_TrafficGen_PV : start RD [0x0] : Dsize=32 : Offset=0 : Bsize=4
I_top.I_TrafficGen_PV : RD: Response: [0x0]=55aa1234 : 0
I_top.I_TrafficGen_PV : RD: Response: [0x4]=55aa1235 : 0
I_top.I_TrafficGen_PV : RD: Response: [0x8]=55aa1236 : 0
I_top.I_TrafficGen_PV : RD: Response: [0xc]=55aa1237 : 0
I_top.I_TrafficGen_PV : start WR [0x10]=1238 : Offset=0 : Dsize=16 : Bsize=1
I_top.I_TrafficGen_PV : start WR [0x12]=1239 : Offset=0 : Dsize=16 : Bsize=1
I_top.I_TrafficGen_PV : start WR [0x14]=123a : Offset=0 : Dsize=16 : Bsize=1
I_top.I_TrafficGen_PV : start WR [0x16]=123b : Offset=0 : Dsize=16 : Bsize=1

I_top.I_TrafficGen_PV : start RD [0x10] : Dsize=16 : Offset=0 : Bsize=4
I_top.I_TrafficGen_PV : RD: Response: [0x10]=1238 : 0

I_top.I_TrafficGen_PV : start RD [0x12] : Dsize=16 : Offset=0 : Bsize=4
I_top.I_TrafficGen_PV : RD: Response: [0x12]=1239 : 0

I_top.I_TrafficGen_PV : start RD [0x14] : Dsize=16 : Offset=0 : Bsize=4
I_top.I_TrafficGen_PV : RD: Response: [0x14]=123a : 0

I_top.I_TrafficGen_PV : start RD [0x16] : Dsize=16 : Offset=0 : Bsize=4
I_top.I_TrafficGen_PV : RD: Response: [0x16]=123b : 0
I_top.I_TrafficGen_PV : start WR [0x20]=55aa : Offset=16 : Dsize=16 : Bsize=1
I_top.I_TrafficGen_PV : start WR [0x22]=55aa : Offset=16 : Dsize=16 : Bsize=1
I_top.I_TrafficGen_PV : start WR [0x24]=55aa : Offset=16 : Dsize=16 : Bsize=1
I_top.I_TrafficGen_PV : start WR [0x26]=55aa : Offset=16 : Dsize=16 : Bsize=1

I_top.I_TrafficGen_PV : start RD [0x20] : Dsize=16 : Offset=16 : Bsize=4
I_top.I_TrafficGen_PV : RD: Response: [0x20]=55aa : 0

I_top.I_TrafficGen_PV : start RD [0x22] : Dsize=16 : Offset=16 : Bsize=4
I_top.I_TrafficGen_PV : RD: Response: [0x22]=55aa : 0

I_top.I_TrafficGen_PV : start RD [0x24] : Dsize=16 : Offset=16 : Bsize=4
I_top.I_TrafficGen_PV : RD: Response: [0x24]=55aa : 0

I_top.I_TrafficGen_PV : start RD [0x26] : Dsize=16 : Offset=16 : Bsize=4
I_top.I_TrafficGen_PV : RD: Response: [0x26]=55aa : 0
I_top.I_TrafficGen_PV : start WR [0x30]=40 : Offset=0 : Dsize=8 : Bsize=1
I_top.I_TrafficGen_PV : start WR [0x31]=41 : Offset=0 : Dsize=8 : Bsize=1
I_top.I_TrafficGen_PV : start WR [0x32]=42 : Offset=0 : Dsize=8 : Bsize=1
I_top.I_TrafficGen_PV : start WR [0x33]=43 : Offset=0 : Dsize=8 : Bsize=1

I_top.I_TrafficGen_PV : start RD [0x30] : Dsize=8 : Offset=0 : Bsize=4
I_top.I_TrafficGen_PV : RD: Response: [0x30]=40 : 0

I_top.I_TrafficGen_PV : start RD [0x31] : Dsize=8 : Offset=0 : Bsize=4
I_top.I_TrafficGen_PV : RD: Response: [0x31]=41 : 0

I_top.I_TrafficGen_PV : start RD [0x32] : Dsize=8 : Offset=0 : Bsize=4
I_top.I_TrafficGen_PV : RD: Response: [0x32]=42 : 0

I_top.I_TrafficGen_PV : start RD [0x33] : Dsize=8 : Offset=0 : Bsize=4
I_top.I_TrafficGen_PV : RD: Response: [0x33]=43 : 0
I_top.I_TrafficGen_PV : start WR [0x40]=12 : Offset=8 : Dsize=8 : Bsize=1
I_top.I_TrafficGen_PV : start WR [0x41]=12 : Offset=8 : Dsize=8 : Bsize=1
I_top.I_TrafficGen_PV : start WR [0x42]=12 : Offset=8 : Dsize=8 : Bsize=1
I_top.I_TrafficGen_PV : start WR [0x43]=12 : Offset=8 : Dsize=8 : Bsize=1

I_top.I_TrafficGen_PV : start RD [0x40] : Dsize=8 : Offset=8 : Bsize=4
I_top.I_TrafficGen_PV : RD: Response: [0x40]=12 : 0

I_top.I_TrafficGen_PV : start RD [0x41] : Dsize=8 : Offset=8 : Bsize=4
I_top.I_TrafficGen_PV : RD: Response: [0x41]=12 : 0

I_top.I_TrafficGen_PV : start RD [0x42] : Dsize=8 : Offset=8 : Bsize=4
I_top.I_TrafficGen_PV : RD: Response: [0x42]=12 : 0

I_top.I_TrafficGen_PV : start RD [0x43] : Dsize=8 : Offset=8 : Bsize=4
I_top.I_TrafficGen_PV : RD: Response: [0x43]=12 : 0
I_top.I_TrafficGen_PV : start WR [0x50]=aa : Offset=16 : Dsize=8 : Bsize=1
I_top.I_TrafficGen_PV : start WR [0x51]=aa : Offset=16 : Dsize=8 : Bsize=1
I_top.I_TrafficGen_PV : start WR [0x52]=aa : Offset=16 : Dsize=8 : Bsize=1
I_top.I_TrafficGen_PV : start WR [0x53]=aa : Offset=16 : Dsize=8 : Bsize=1

I_top.I_TrafficGen_PV : start RD [0x50] : Dsize=8 : Offset=16 : Bsize=4
I_top.I_TrafficGen_PV : RD: Response: [0x50]=aa : 0

I_top.I_TrafficGen_PV : start RD [0x51] : Dsize=8 : Offset=16 : Bsize=4
I_top.I_TrafficGen_PV : RD: Response: [0x51]=aa : 0

I_top.I_TrafficGen_PV : start RD [0x52] : Dsize=8 : Offset=16 : Bsize=4
I_top.I_TrafficGen_PV : RD: Response: [0x52]=aa : 0

I_top.I_TrafficGen_PV : start RD [0x53] : Dsize=8 : Offset=16 : Bsize=4
I_top.I_TrafficGen_PV : RD: Response: [0x53]=aa : 0
I_top.I_TrafficGen_PV : start WR [0x60]=55 : Offset=24 : Dsize=8 : Bsize=1
I_top.I_TrafficGen_PV : start WR [0x61]=55 : Offset=24 : Dsize=8 : Bsize=1
I_top.I_TrafficGen_PV : start WR [0x62]=55 : Offset=24 : Dsize=8 : Bsize=1
I_top.I_TrafficGen_PV : start WR [0x63]=55 : Offset=24 : Dsize=8 : Bsize=1

I_top.I_TrafficGen_PV : start RD [0x60] : Dsize=8 : Offset=24 : Bsize=4
I_top.I_TrafficGen_PV : RD: Response: [0x60]=55 : 0

I_top.I_TrafficGen_PV : start RD [0x61] : Dsize=8 : Offset=24 : Bsize=4
I_top.I_TrafficGen_PV : RD: Response: [0x61]=55 : 0

I_top.I_TrafficGen_PV : start RD [0x62] : Dsize=8 : Offset=24 : Bsize=4
I_top.I_TrafficGen_PV : RD: Response: [0x62]=55 : 0

I_top.I_TrafficGen_PV : start RD [0x63] : Dsize=8 : Offset=24 : Bsize=4
I_top.I_TrafficGen_PV : RD: Response: [0x63]=55 : 0
I_top.I_TrafficGen_PV : start WR [0x70]=55aa1250 : Offset=0 : Dsize=32 : Bsize=4
I_top.I_TrafficGen_PV : start WR [0x74]=55aa1251 : Offset=0 : Dsize=32 : Bsize=4
I_top.I_TrafficGen_PV : start WR [0x78]=55aa1252 : Offset=0 : Dsize=32 : Bsize=4
I_top.I_TrafficGen_PV : start WR [0x7c]=55aa1253 : Offset=0 : Dsize=32 : Bsize=4

I_top.I_TrafficGen_PV : start RD [0x70] : Dsize=32 : Offset=0 : Bsize=4
I_top.I_TrafficGen_PV : RD: Response: [0x70]=55aa1250 : 0
I_top.I_TrafficGen_PV : RD: Response: [0x74]=55aa1251 : 0
I_top.I_TrafficGen_PV : RD: Response: [0x78]=55aa1252 : 0
I_top.I_TrafficGen_PV : RD: Response: [0x7c]=55aa1253 : 0
I_top.I_TrafficGen_PV : start WR [0x80]=1254 : Offset=0 : Dsize=16 : Bsize=1
I_top.I_TrafficGen_PV : start WR [0x82]=1255 : Offset=0 : Dsize=16 : Bsize=1
I_top.I_TrafficGen_PV : start WR [0x84]=1256 : Offset=0 : Dsize=16 : Bsize=1
I_top.I_TrafficGen_PV : start WR [0x86]=1257 : Offset=0 : Dsize=16 : Bsize=1

I_top.I_TrafficGen_PV : start RD [0x80] : Dsize=16 : Offset=0 : Bsize=4
I_top.I_TrafficGen_PV : RD: Response: [0x80]=1254 : 0

I_top.I_TrafficGen_PV : start RD [0x82] : Dsize=16 : Offset=0 : Bsize=4
I_top.I_TrafficGen_PV : RD: Response: [0x82]=1255 : 0

I_top.I_TrafficGen_PV : start RD [0x84] : Dsize=16 : Offset=0 : Bsize=4
I_top.I_TrafficGen_PV : RD: Response: [0x84]=1256 : 0

I_top.I_TrafficGen_PV : start RD [0x86] : Dsize=16 : Offset=0 : Bsize=4
I_top.I_TrafficGen_PV : RD: Response: [0x86]=1257 : 0
I_top.I_TrafficGen_PV : start WR [0x90]=55aa : Offset=16 : Dsize=16 : Bsize=1
I_top.I_TrafficGen_PV : start WR [0x92]=55aa : Offset=16 : Dsize=16 : Bsize=1
I_top.I_TrafficGen_PV : start WR [0x94]=55aa : Offset=16 : Dsize=16 : Bsize=1
I_top.I_TrafficGen_PV : start WR [0x96]=55aa : Offset=16 : Dsize=16 : Bsize=1

I_top.I_TrafficGen_PV : start RD [0x90] : Dsize=16 : Offset=16 : Bsize=4
I_top.I_TrafficGen_PV : RD: Response: [0x90]=55aa : 0

I_top.I_TrafficGen_PV : start RD [0x92] : Dsize=16 : Offset=16 : Bsize=4
I_top.I_TrafficGen_PV : RD: Response: [0x92]=55aa : 0

I_top.I_TrafficGen_PV : start RD [0x94] : Dsize=16 : Offset=16 : Bsize=4
I_top.I_TrafficGen_PV : RD: Response: [0x94]=55aa : 0

I_top.I_TrafficGen_PV : start RD [0x96] : Dsize=16 : Offset=16 : Bsize=4
I_top.I_TrafficGen_PV : RD: Response: [0x96]=55aa : 0
I_top.I_TrafficGen_PV : start WR [0xa0]=5c : Offset=0 : Dsize=8 : Bsize=1
I_top.I_TrafficGen_PV : start WR [0xa1]=5d : Offset=0 : Dsize=8 : Bsize=1
I_top.I_TrafficGen_PV : start WR [0xa2]=5e : Offset=0 : Dsize=8 : Bsize=1
I_top.I_TrafficGen_PV : start WR [0xa3]=5f : Offset=0 : Dsize=8 : Bsize=1

I_top.I_TrafficGen_PV : start RD [0xa0] : Dsize=8 : Offset=0 : Bsize=4
I_top.I_TrafficGen_PV : RD: Response: [0xa0]=5c : 0

I_top.I_TrafficGen_PV : start RD [0xa1] : Dsize=8 : Offset=0 : Bsize=4
I_top.I_TrafficGen_PV : RD: Response: [0xa1]=5d : 0

I_top.I_TrafficGen_PV : start RD [0xa2] : Dsize=8 : Offset=0 : Bsize=4
I_top.I_TrafficGen_PV : RD: Response: [0xa2]=5e : 0

I_top.I_TrafficGen_PV : start RD [0xa3] : Dsize=8 : Offset=0 : Bsize=4
I_top.I_TrafficGen_PV : RD: Response: [0xa3]=5f : 0
I_top.I_TrafficGen_PV : start WR [0xb0]=12 : Offset=8 : Dsize=8 : Bsize=1
I_top.I_TrafficGen_PV : start WR [0xb1]=12 : Offset=8 : Dsize=8 : Bsize=1
I_top.I_TrafficGen_PV : start WR [0xb2]=12 : Offset=8 : Dsize=8 : Bsize=1
I_top.I_TrafficGen_PV : start WR [0xb3]=12 : Offset=8 : Dsize=8 : Bsize=1

I_top.I_TrafficGen_PV : start RD [0xb0] : Dsize=8 : Offset=8 : Bsize=4
I_top.I_TrafficGen_PV : RD: Response: [0xb0]=12 : 0

I_top.I_TrafficGen_PV : start RD [0xb1] : Dsize=8 : Offset=8 : Bsize=4
I_top.I_TrafficGen_PV : RD: Response: [0xb1]=12 : 0

I_top.I_TrafficGen_PV : start RD [0xb2] : Dsize=8 : Offset=8 : Bsize=4
I_top.I_TrafficGen_PV : RD: Response: [0xb2]=12 : 0

I_top.I_TrafficGen_PV : start RD [0xb3] : Dsize=8 : Offset=8 : Bsize=4
I_top.I_TrafficGen_PV : RD: Response: [0xb3]=12 : 0
I_top.I_TrafficGen_PV : start WR [0xc0]=aa : Offset=16 : Dsize=8 : Bsize=1
I_top.I_TrafficGen_PV : start WR [0xc1]=aa : Offset=16 : Dsize=8 : Bsize=1
I_top.I_TrafficGen_PV : start WR [0xc2]=aa : Offset=16 : Dsize=8 : Bsize=1
I_top.I_TrafficGen_PV : start WR [0xc3]=aa : Offset=16 : Dsize=8 : Bsize=1

I_top.I_TrafficGen_PV : start RD [0xc0] : Dsize=8 : Offset=16 : Bsize=4
I_top.I_TrafficGen_PV : RD: Response: [0xc0]=aa : 0

I_top.I_TrafficGen_PV : start RD [0xc1] : Dsize=8 : Offset=16 : Bsize=4
I_top.I_TrafficGen_PV : RD: Response: [0xc1]=aa : 0

I_top.I_TrafficGen_PV : start RD [0xc2] : Dsize=8 : Offset=16 : Bsize=4
I_top.I_TrafficGen_PV : RD: Response: [0xc2]=aa : 0

I_top.I_TrafficGen_PV : start RD [0xc3] : Dsize=8 : Offset=16 : Bsize=4
I_top.I_TrafficGen_PV : RD: Response: [0xc3]=aa : 0
I_top.I_TrafficGen_PV : start WR [0xd0]=55 : Offset=24 : Dsize=8 : Bsize=1
I_top.I_TrafficGen_PV : start WR [0xd1]=55 : Offset=24 : Dsize=8 : Bsize=1
I_top.I_TrafficGen_PV : start WR [0xd2]=55 : Offset=24 : Dsize=8 : Bsize=1
I_top.I_TrafficGen_PV : start WR [0xd3]=55 : Offset=24 : Dsize=8 : Bsize=1

I_top.I_TrafficGen_PV : start RD [0xd0] : Dsize=8 : Offset=24 : Bsize=4
I_top.I_TrafficGen_PV : RD: Response: [0xd0]=55 : 0

I_top.I_TrafficGen_PV : start RD [0xd1] : Dsize=8 : Offset=24 : Bsize=4
I_top.I_TrafficGen_PV : RD: Response: [0xd1]=55 : 0

I_top.I_TrafficGen_PV : start RD [0xd2] : Dsize=8 : Offset=24 : Bsize=4
I_top.I_TrafficGen_PV : RD: Response: [0xd2]=55 : 0

I_top.I_TrafficGen_PV : start RD [0xd3] : Dsize=8 : Offset=24 : Bsize=4
I_top.I_TrafficGen_PV : RD: Response: [0xd3]=55 : 0
I_top.I_TrafficGen_PV : start WR [0xe0]=55aa126c : Offset=0 : Dsize=32 : Bsize=4
I_top.I_TrafficGen_PV : start WR [0xe4]=55aa126d : Offset=0 : Dsize=32 : Bsize=4
I_top.I_TrafficGen_PV : start WR [0xe8]=55aa126e : Offset=0 : Dsize=32 : Bsize=4
I_top.I_TrafficGen_PV : start WR [0xec]=55aa126f : Offset=0 : Dsize=32 : Bsize=4

I_top.I_TrafficGen_PV : start RD [0xe0] : Dsize=32 : Offset=0 : Bsize=4
I_top.I_TrafficGen_PV : RD: Response: [0xe0]=55aa126c : 0
I_top.I_TrafficGen_PV : RD: Response: [0xe4]=55aa126d : 0
I_top.I_TrafficGen_PV : RD: Response: [0xe8]=55aa126e : 0
I_top.I_TrafficGen_PV : RD: Response: [0xec]=55aa126f : 0
I_top.I_TrafficGen_PV : start WR [0xf0]=1270 : Offset=0 : Dsize=16 : Bsize=1
I_top.I_TrafficGen_PV : start WR [0xf2]=1271 : Offset=0 : Dsize=16 : Bsize=1
I_top.I_TrafficGen_PV : start WR [0xf4]=1272 : Offset=0 : Dsize=16 : Bsize=1
I_top.I_TrafficGen_PV : start WR [0xf6]=1273 : Offset=0 : Dsize=16 : Bsize=1

I_top.I_TrafficGen_PV : start RD [0xf0] : Dsize=16 : Offset=0 : Bsize=4
I_top.I_TrafficGen_PV : RD: Response: [0xf0]=1270 : 0

I_top.I_TrafficGen_PV : start RD [0xf2] : Dsize=16 : Offset=0 : Bsize=4
I_top.I_TrafficGen_PV : RD: Response: [0xf2]=1271 : 0

I_top.I_TrafficGen_PV : start RD [0xf4] : Dsize=16 : Offset=0 : Bsize=4
I_top.I_TrafficGen_PV : RD: Response: [0xf4]=1272 : 0

I_top.I_TrafficGen_PV : start RD [0xf6] : Dsize=16 : Offset=0 : Bsize=4
I_top.I_TrafficGen_PV : RD: Response: [0xf6]=1273 : 0
I_top.I_TrafficGen_PV : start WR [0x100]=55aa : Offset=16 : Dsize=16 : Bsize=1
I_top.I_TrafficGen_PV : start WR [0x102]=55aa : Offset=16 : Dsize=16 : Bsize=1
I_top.I_TrafficGen_PV : start WR [0x104]=55aa : Offset=16 : Dsize=16 : Bsize=1
I_top.I_TrafficGen_PV : start WR [0x106]=55aa : Offset=16 : Dsize=16 : Bsize=1

I_top.I_TrafficGen_PV : start RD [0x100] : Dsize=16 : Offset=16 : Bsize=4
I_top.I_TrafficGen_PV : RD: Response: [0x100]=55aa : 0

I_top.I_TrafficGen_PV : start RD [0x102] : Dsize=16 : Offset=16 : Bsize=4
I_top.I_TrafficGen_PV : RD: Response: [0x102]=55aa : 0

I_top.I_TrafficGen_PV : start RD [0x104] : Dsize=16 : Offset=16 : Bsize=4
I_top.I_TrafficGen_PV : RD: Response: [0x104]=55aa : 0

I_top.I_TrafficGen_PV : start RD [0x106] : Dsize=16 : Offset=16 : Bsize=4
I_top.I_TrafficGen_PV : RD: Response: [0x106]=55aa : 0
I_top.I_TrafficGen_PV : start WR [0x110]=78 : Offset=0 : Dsize=8 : Bsize=1
I_top.I_TrafficGen_PV : start WR [0x111]=79 : Offset=0 : Dsize=8 : Bsize=1
I_top.I_TrafficGen_PV : start WR [0x112]=7a : Offset=0 : Dsize=8 : Bsize=1
I_top.I_TrafficGen_PV : start WR [0x113]=7b : Offset=0 : Dsize=8 : Bsize=1

I_top.I_TrafficGen_PV : start RD [0x110] : Dsize=8 : Offset=0 : Bsize=4
I_top.I_TrafficGen_PV : RD: Response: [0x110]=78 : 0

I_top.I_TrafficGen_PV : start RD [0x111] : Dsize=8 : Offset=0 : Bsize=4
I_top.I_TrafficGen_PV : RD: Response: [0x111]=79 : 0

I_top.I_TrafficGen_PV : start RD [0x112] : Dsize=8 : Offset=0 : Bsize=4
I_top.I_TrafficGen_PV : RD: Response: [0x112]=7a : 0

I_top.I_TrafficGen_PV : start RD [0x113] : Dsize=8 : Offset=0 : Bsize=4
I_top.I_TrafficGen_PV : RD: Response: [0x113]=7b : 0
I_top.I_TrafficGen_PV : start WR [0x120]=12 : Offset=8 : Dsize=8 : Bsize=1
I_top.I_TrafficGen_PV : start WR [0x121]=12 : Offset=8 : Dsize=8 : Bsize=1
I_top.I_TrafficGen_PV : start WR [0x122]=12 : Offset=8 : Dsize=8 : Bsize=1
I_top.I_TrafficGen_PV : start WR [0x123]=12 : Offset=8 : Dsize=8 : Bsize=1

I_top.I_TrafficGen_PV : start RD [0x120] : Dsize=8 : Offset=8 : Bsize=4
I_top.I_TrafficGen_PV : RD: Response: [0x120]=12 : 0

I_top.I_TrafficGen_PV : start RD [0x121] : Dsize=8 : Offset=8 : Bsize=4
I_top.I_TrafficGen_PV : RD: Response: [0x121]=12 : 0

I_top.I_TrafficGen_PV : start RD [0x122] : Dsize=8 : Offset=8 : Bsize=4
I_top.I_TrafficGen_PV : RD: Response: [0x122]=12 : 0

I_top.I_TrafficGen_PV : start RD [0x123] : Dsize=8 : Offset=8 : Bsize=4
I_top.I_TrafficGen_PV : RD: Response: [0x123]=12 : 0
I_top.I_TrafficGen_PV : start WR [0x130]=aa : Offset=16 : Dsize=8 : Bsize=1
I_top.I_TrafficGen_PV : start WR [0x131]=aa : Offset=16 : Dsize=8 : Bsize=1
I_top.I_TrafficGen_PV : start WR [0x132]=aa : Offset=16 : Dsize=8 : Bsize=1
I_top.I_TrafficGen_PV : start WR [0x133]=aa : Offset=16 : Dsize=8 : Bsize=1

I_top.I_TrafficGen_PV : start RD [0x130] : Dsize=8 : Offset=16 : Bsize=4
I_top.I_TrafficGen_PV : RD: Response: [0x130]=aa : 0

I_top.I_TrafficGen_PV : start RD [0x131] : Dsize=8 : Offset=16 : Bsize=4
I_top.I_TrafficGen_PV : RD: Response: [0x131]=aa : 0

I_top.I_TrafficGen_PV : start RD [0x132] : Dsize=8 : Offset=16 : Bsize=4
I_top.I_TrafficGen_PV : RD: Response: [0x132]=aa : 0

I_top.I_TrafficGen_PV : start RD [0x133] : Dsize=8 : Offset=16 : Bsize=4
I_top.I_TrafficGen_PV : RD: Response: [0x133]=aa : 0
I_top.I_TrafficGen_PV : start WR [0x140]=55 : Offset=24 : Dsize=8 : Bsize=1
I_top.I_TrafficGen_PV : start WR [0x141]=55 : Offset=24 : Dsize=8 : Bsize=1
I_top.I_TrafficGen_PV : start WR [0x142]=55 : Offset=24 : Dsize=8 : Bsize=1
I_top.I_TrafficGen_PV : start WR [0x143]=55 : Offset=24 : Dsize=8 : Bsize=1

I_top.I_TrafficGen_PV : start RD [0x140] : Dsize=8 : Offset=24 : Bsize=4
I_top.I_TrafficGen_PV : RD: Response: [0x140]=55 : 0

I_top.I_TrafficGen_PV : start RD [0x141] : Dsize=8 : Offset=24 : Bsize=4
I_top.I_TrafficGen_PV : RD: Response: [0x141]=55 : 0

I_top.I_TrafficGen_PV : start RD [0x142] : Dsize=8 : Offset=24 : Bsize=4
I_top.I_TrafficGen_PV : RD: Response: [0x142]=55 : 0

I_top.I_TrafficGen_PV : start RD [0x143] : Dsize=8 : Offset=24 : Bsize=4
I_top.I_TrafficGen_PV : RD: Response: [0x143]=55 : 0
I_top.I_TrafficGen_PV : start WR [0x150]=55aa1288 : Offset=0 : Dsize=32 : Bsize=4
I_top.I_TrafficGen_PV : start WR [0x154]=55aa1289 : Offset=0 : Dsize=32 : Bsize=4
I_top.I_TrafficGen_PV : start WR [0x158]=55aa128a : Offset=0 : Dsize=32 : Bsize=4
I_top.I_TrafficGen_PV : start WR [0x15c]=55aa128b : Offset=0 : Dsize=32 : Bsize=4

I_top.I_TrafficGen_PV : start RD [0x150] : Dsize=32 : Offset=0 : Bsize=4
I_top.I_TrafficGen_PV : RD: Response: [0x150]=55aa1288 : 0
I_top.I_TrafficGen_PV : RD: Response: [0x154]=55aa1289 : 0
I_top.I_TrafficGen_PV : RD: Response: [0x158]=55aa128a : 0
I_top.I_TrafficGen_PV : RD: Response: [0x15c]=55aa128b : 0
I_top.I_TrafficGen_PV : start WR [0x160]=128c : Offset=0 : Dsize=16 : Bsize=1
I_top.I_TrafficGen_PV : start WR [0x162]=128d : Offset=0 : Dsize=16 : Bsize=1
I_top.I_TrafficGen_PV : start WR [0x164]=128e : Offset=0 : Dsize=16 : Bsize=1
I_top.I_TrafficGen_PV : start WR [0x166]=128f : Offset=0 : Dsize=16 : Bsize=1

I_top.I_TrafficGen_PV : start RD [0x160] : Dsize=16 : Offset=0 : Bsize=4
I_top.I_TrafficGen_PV : RD: Response: [0x160]=128c : 0

I_top.I_TrafficGen_PV : start RD [0x162] : Dsize=16 : Offset=0 : Bsize=4
I_top.I_TrafficGen_PV : RD: Response: [0x162]=128d : 0

I_top.I_TrafficGen_PV : start RD [0x164] : Dsize=16 : Offset=0 : Bsize=4
I_top.I_TrafficGen_PV : RD: Response: [0x164]=128e : 0

I_top.I_TrafficGen_PV : start RD [0x166] : Dsize=16 : Offset=0 : Bsize=4
I_top.I_TrafficGen_PV : RD: Response: [0x166]=128f : 0
I_top.I_TrafficGen_PV : start WR [0x170]=55aa : Offset=16 : Dsize=16 : Bsize=1
I_top.I_TrafficGen_PV : start WR [0x172]=55aa : Offset=16 : Dsize=16 : Bsize=1
I_top.I_TrafficGen_PV : start WR [0x174]=55aa : Offset=16 : Dsize=16 : Bsize=1
I_top.I_TrafficGen_PV : start WR [0x176]=55aa : Offset=16 : Dsize=16 : Bsize=1

I_top.I_TrafficGen_PV : start RD [0x170] : Dsize=16 : Offset=16 : Bsize=4
I_top.I_TrafficGen_PV : RD: Response: [0x170]=55aa : 0

I_top.I_TrafficGen_PV : start RD [0x172] : Dsize=16 : Offset=16 : Bsize=4
I_top.I_TrafficGen_PV : RD: Response: [0x172]=55aa : 0

I_top.I_TrafficGen_PV : start RD [0x174] : Dsize=16 : Offset=16 : Bsize=4
I_top.I_TrafficGen_PV : RD: Response: [0x174]=55aa : 0

I_top.I_TrafficGen_PV : start RD [0x176] : Dsize=16 : Offset=16 : Bsize=4
I_top.I_TrafficGen_PV : RD: Response: [0x176]=55aa : 0
I_top.I_TrafficGen_PV : start WR [0x180]=94 : Offset=0 : Dsize=8 : Bsize=1
I_top.I_TrafficGen_PV : start WR [0x181]=95 : Offset=0 : Dsize=8 : Bsize=1
I_top.I_TrafficGen_PV : start WR [0x182]=96 : Offset=0 : Dsize=8 : Bsize=1
I_top.I_TrafficGen_PV : start WR [0x183]=97 : Offset=0 : Dsize=8 : Bsize=1

I_top.I_TrafficGen_PV : start RD [0x180] : Dsize=8 : Offset=0 : Bsize=4
I_top.I_TrafficGen_PV : RD: Response: [0x180]=94 : 0

I_top.I_TrafficGen_PV : start RD [0x181] : Dsize=8 : Offset=0 : Bsize=4
I_top.I_TrafficGen_PV : RD: Response: [0x181]=95 : 0

I_top.I_TrafficGen_PV : start RD [0x182] : Dsize=8 : Offset=0 : Bsize=4
I_top.I_TrafficGen_PV : RD: Response: [0x182]=96 : 0

I_top.I_TrafficGen_PV : start RD [0x183] : Dsize=8 : Offset=0 : Bsize=4
I_top.I_TrafficGen_PV : RD: Response: [0x183]=97 : 0
I_top.I_TrafficGen_PV : start WR [0x190]=12 : Offset=8 : Dsize=8 : Bsize=1
I_top.I_TrafficGen_PV : start WR [0x191]=12 : Offset=8 : Dsize=8 : Bsize=1
I_top.I_TrafficGen_PV : start WR [0x192]=12 : Offset=8 : Dsize=8 : Bsize=1
I_top.I_TrafficGen_PV : start WR [0x193]=12 : Offset=8 : Dsize=8 : Bsize=1

I_top.I_TrafficGen_PV : start RD [0x190] : Dsize=8 : Offset=8 : Bsize=4
I_top.I_TrafficGen_PV : RD: Response: [0x190]=12 : 0

I_top.I_TrafficGen_PV : start RD [0x191] : Dsize=8 : Offset=8 : Bsize=4
I_top.I_TrafficGen_PV : RD: Response: [0x191]=12 : 0

I_top.I_TrafficGen_PV : start RD [0x192] : Dsize=8 : Offset=8 : Bsize=4
I_top.I_TrafficGen_PV : RD: Response: [0x192]=12 : 0

I_top.I_TrafficGen_PV : start RD [0x193] : Dsize=8 : Offset=8 : Bsize=4
I_top.I_TrafficGen_PV : RD: Response: [0x193]=12 : 0
I_top.I_TrafficGen_PV : start WR [0x1a0]=aa : Offset=16 : Dsize=8 : Bsize=1
I_top.I_TrafficGen_PV : start WR [0x1a1]=aa : Offset=16 : Dsize=8 : Bsize=1
I_top.I_TrafficGen_PV : start WR [0x1a2]=aa : Offset=16 : Dsize=8 : Bsize=1
I_top.I_TrafficGen_PV : start WR [0x1a3]=aa : Offset=16 : Dsize=8 : Bsize=1

I_top.I_TrafficGen_PV : start RD [0x1a0] : Dsize=8 : Offset=16 : Bsize=4
I_top.I_TrafficGen_PV : RD: Response: [0x1a0]=aa : 0

I_top.I_TrafficGen_PV : start RD [0x1a1] : Dsize=8 : Offset=16 : Bsize=4
I_top.I_TrafficGen_PV : RD: Response: [0x1a1]=aa : 0

I_top.I_TrafficGen_PV : start RD [0x1a2] : Dsize=8 : Offset=16 : Bsize=4
I_top.I_TrafficGen_PV : RD: Response: [0x1a2]=aa : 0

I_top.I_TrafficGen_PV : start RD [0x1a3] : Dsize=8 : Offset=16 : Bsize=4
I_top.I_TrafficGen_PV : RD: Response: [0x1a3]=aa : 0
I_top.I_TrafficGen_PV : start WR [0x1b0]=55 : Offset=24 : Dsize=8 : Bsize=1
I_top.I_TrafficGen_PV : start WR [0x1b1]=55 : Offset=24 : Dsize=8 : Bsize=1
I_top.I_TrafficGen_PV : start WR [0x1b2]=55 : Offset=24 : Dsize=8 : Bsize=1
I_top.I_TrafficGen_PV : start WR [0x1b3]=55 : Offset=24 : Dsize=8 : Bsize=1

I_top.I_TrafficGen_PV : start RD [0x1b0] : Dsize=8 : Offset=24 : Bsize=4
I_top.I_TrafficGen_PV : RD: Response: [0x1b0]=55 : 0

I_top.I_TrafficGen_PV : start RD [0x1b1] : Dsize=8 : Offset=24 : Bsize=4
I_top.I_TrafficGen_PV : RD: Response: [0x1b1]=55 : 0

I_top.I_TrafficGen_PV : start RD [0x1b2] : Dsize=8 : Offset=24 : Bsize=4
I_top.I_TrafficGen_PV : RD: Response: [0x1b2]=55 : 0

I_top.I_TrafficGen_PV : start RD [0x1b3] : Dsize=8 : Offset=24 : Bsize=4
I_top.I_TrafficGen_PV : RD: Response: [0x1b3]=55 : 0
I_top.I_TrafficGen_PV : start WR [0x1c0]=55aa12a4 : Offset=0 : Dsize=32 : Bsize=4
I_top.I_TrafficGen_PV : start WR [0x1c4]=55aa12a5 : Offset=0 : Dsize=32 : Bsize=4
I_top.I_TrafficGen_PV : start WR [0x1c8]=55aa12a6 : Offset=0 : Dsize=32 : Bsize=4
I_top.I_TrafficGen_PV : start WR [0x1cc]=55aa12a7 : Offset=0 : Dsize=32 : Bsize=4

I_top.I_TrafficGen_PV : start RD [0x1c0] : Dsize=32 : Offset=0 : Bsize=4
I_top.I_TrafficGen_PV : RD: Response: [0x1c0]=55aa12a4 : 0
I_top.I_TrafficGen_PV : RD: Response: [0x1c4]=55aa12a5 : 0
I_top.I_TrafficGen_PV : RD: Response: [0x1c8]=55aa12a6 : 0
I_top.I_TrafficGen_PV : RD: Response: [0x1cc]=55aa12a7 : 0
I_top.I_TrafficGen_PV : start WR [0x1d0]=12a8 : Offset=0 : Dsize=16 : Bsize=1
I_top.I_TrafficGen_PV : start WR [0x1d2]=12a9 : Offset=0 : Dsize=16 : Bsize=1
I_top.I_TrafficGen_PV : start WR [0x1d4]=12aa : Offset=0 : Dsize=16 : Bsize=1
I_top.I_TrafficGen_PV : start WR [0x1d6]=12ab : Offset=0 : Dsize=16 : Bsize=1

I_top.I_TrafficGen_PV : start RD [0x1d0] : Dsize=16 : Offset=0 : Bsize=4
I_top.I_TrafficGen_PV : RD: Response: [0x1d0]=12a8 : 0

I_top.I_TrafficGen_PV : start RD [0x1d2] : Dsize=16 : Offset=0 : Bsize=4
I_top.I_TrafficGen_PV : RD: Response: [0x1d2]=12a9 : 0

I_top.I_TrafficGen_PV : start RD [0x1d4] : Dsize=16 : Offset=0 : Bsize=4
I_top.I_TrafficGen_PV : RD: Response: [0x1d4]=12aa : 0

I_top.I_TrafficGen_PV : start RD [0x1d6] : Dsize=16 : Offset=0 : Bsize=4
I_top.I_TrafficGen_PV : RD: Response: [0x1d6]=12ab : 0
I_top.I_TrafficGen_PV : start WR [0x1e0]=55aa : Offset=16 : Dsize=16 : Bsize=1
I_top.I_TrafficGen_PV : start WR [0x1e2]=55aa : Offset=16 : Dsize=16 : Bsize=1
I_top.I_TrafficGen_PV : start WR [0x1e4]=55aa : Offset=16 : Dsize=16 : Bsize=1
I_top.I_TrafficGen_PV : start WR [0x1e6]=55aa : Offset=16 : Dsize=16 : Bsize=1

I_top.I_TrafficGen_PV : start RD [0x1e0] : Dsize=16 : Offset=16 : Bsize=4
I_top.I_TrafficGen_PV : RD: Response: [0x1e0]=55aa : 0

I_top.I_TrafficGen_PV : start RD [0x1e2] : Dsize=16 : Offset=16 : Bsize=4
I_top.I_TrafficGen_PV : RD: Response: [0x1e2]=55aa : 0

I_top.I_TrafficGen_PV : start RD [0x1e4] : Dsize=16 : Offset=16 : Bsize=4
I_top.I_TrafficGen_PV : RD: Response: [0x1e4]=55aa : 0

I_top.I_TrafficGen_PV : start RD [0x1e6] : Dsize=16 : Offset=16 : Bsize=4
I_top.I_TrafficGen_PV : RD: Response: [0x1e6]=55aa : 0
I_top.I_TrafficGen_PV : start WR [0x1f0]=b0 : Offset=0 : Dsize=8 : Bsize=1
I_top.I_TrafficGen_PV : start WR [0x1f1]=b1 : Offset=0 : Dsize=8 : Bsize=1
I_top.I_TrafficGen_PV : start WR [0x1f2]=b2 : Offset=0 : Dsize=8 : Bsize=1
I_top.I_TrafficGen_PV : start WR [0x1f3]=b3 : Offset=0 : Dsize=8 : Bsize=1

I_top.I_TrafficGen_PV : start RD [0x1f0] : Dsize=8 : Offset=0 : Bsize=4
I_top.I_TrafficGen_PV : RD: Response: [0x1f0]=b0 : 0

I_top.I_TrafficGen_PV : start RD [0x1f1] : Dsize=8 : Offset=0 : Bsize=4
I_top.I_TrafficGen_PV : RD: Response: [0x1f1]=b1 : 0

I_top.I_TrafficGen_PV : start RD [0x1f2] : Dsize=8 : Offset=0 : Bsize=4
I_top.I_TrafficGen_PV : RD: Response: [0x1f2]=b2 : 0

I_top.I_TrafficGen_PV : start RD [0x1f3] : Dsize=8 : Offset=0 : Bsize=4
I_top.I_TrafficGen_PV : RD: Response: [0x1f3]=b3 : 0
I_top.I_TrafficGen_PV : start WR [0x200]=12 : Offset=8 : Dsize=8 : Bsize=1
I_top.I_TrafficGen_PV : start WR [0x201]=12 : Offset=8 : Dsize=8 : Bsize=1
I_top.I_TrafficGen_PV : start WR [0x202]=12 : Offset=8 : Dsize=8 : Bsize=1
I_top.I_TrafficGen_PV : start WR [0x203]=12 : Offset=8 : Dsize=8 : Bsize=1

I_top.I_TrafficGen_PV : start RD [0x200] : Dsize=8 : Offset=8 : Bsize=4
I_top.I_TrafficGen_PV : RD: Response: [0x200]=12 : 0

I_top.I_TrafficGen_PV : start RD [0x201] : Dsize=8 : Offset=8 : Bsize=4
I_top.I_TrafficGen_PV : RD: Response: [0x201]=12 : 0

I_top.I_TrafficGen_PV : start RD [0x202] : Dsize=8 : Offset=8 : Bsize=4
I_top.I_TrafficGen_PV : RD: Response: [0x202]=12 : 0

I_top.I_TrafficGen_PV : start RD [0x203] : Dsize=8 : Offset=8 : Bsize=4
I_top.I_TrafficGen_PV : RD: Response: [0x203]=12 : 0
I_top.I_TrafficGen_PV : start WR [0x210]=aa : Offset=16 : Dsize=8 : Bsize=1
I_top.I_TrafficGen_PV : start WR [0x211]=aa : Offset=16 : Dsize=8 : Bsize=1
I_top.I_TrafficGen_PV : start WR [0x212]=aa : Offset=16 : Dsize=8 : Bsize=1
I_top.I_TrafficGen_PV : start WR [0x213]=aa : Offset=16 : Dsize=8 : Bsize=1

I_top.I_TrafficGen_PV : start RD [0x210] : Dsize=8 : Offset=16 : Bsize=4
I_top.I_TrafficGen_PV : RD: Response: [0x210]=aa : 0

I_top.I_TrafficGen_PV : start RD [0x211] : Dsize=8 : Offset=16 : Bsize=4
I_top.I_TrafficGen_PV : RD: Response: [0x211]=aa : 0

I_top.I_TrafficGen_PV : start RD [0x212] : Dsize=8 : Offset=16 : Bsize=4
I_top.I_TrafficGen_PV : RD: Response: [0x212]=aa : 0

I_top.I_TrafficGen_PV : start RD [0x213] : Dsize=8 : Offset=16 : Bsize=4
I_top.I_TrafficGen_PV : RD: Response: [0x213]=aa : 0
I_top.I_TrafficGen_PV : start WR [0x220]=55 : Offset=24 : Dsize=8 : Bsize=1
I_top.I_TrafficGen_PV : start WR [0x221]=55 : Offset=24 : Dsize=8 : Bsize=1
I_top.I_TrafficGen_PV : start WR [0x222]=55 : Offset=24 : Dsize=8 : Bsize=1
I_top.I_TrafficGen_PV : start WR [0x223]=55 : Offset=24 : Dsize=8 : Bsize=1

I_top.I_TrafficGen_PV : start RD [0x220] : Dsize=8 : Offset=24 : Bsize=4
I_top.I_TrafficGen_PV : RD: Response: [0x220]=55 : 0

I_top.I_TrafficGen_PV : start RD [0x221] : Dsize=8 : Offset=24 : Bsize=4
I_top.I_TrafficGen_PV : RD: Response: [0x221]=55 : 0

I_top.I_TrafficGen_PV : start RD [0x222] : Dsize=8 : Offset=24 : Bsize=4
I_top.I_TrafficGen_PV : RD: Response: [0x222]=55 : 0

I_top.I_TrafficGen_PV : start RD [0x223] : Dsize=8 : Offset=24 : Bsize=4
I_top.I_TrafficGen_PV : RD: Response: [0x223]=55 : 0
I_top.I_TrafficGen_PV : start WR [0x230]=55aa12c0 : Offset=0 : Dsize=32 : Bsize=4
I_top.I_TrafficGen_PV : start WR [0x234]=55aa12c1 : Offset=0 : Dsize=32 : Bsize=4
I_top.I_TrafficGen_PV : start WR [0x238]=55aa12c2 : Offset=0 : Dsize=32 : Bsize=4
I_top.I_TrafficGen_PV : start WR [0x23c]=55aa12c3 : Offset=0 : Dsize=32 : Bsize=4

I_top.I_TrafficGen_PV : start RD [0x230] : Dsize=32 : Offset=0 : Bsize=4
I_top.I_TrafficGen_PV : RD: Response: [0x230]=55aa12c0 : 0
I_top.I_TrafficGen_PV : RD: Response: [0x234]=55aa12c1 : 0
I_top.I_TrafficGen_PV : RD: Response: [0x238]=55aa12c2 : 0
I_top.I_TrafficGen_PV : RD: Response: [0x23c]=55aa12c3 : 0
I_top.I_TrafficGen_PV : start WR [0x240]=12c4 : Offset=0 : Dsize=16 : Bsize=1
I_top.I_TrafficGen_PV : start WR [0x242]=12c5 : Offset=0 : Dsize=16 : Bsize=1
I_top.I_TrafficGen_PV : start WR [0x244]=12c6 : Offset=0 : Dsize=16 : Bsize=1
I_top.I_TrafficGen_PV : start WR [0x246]=12c7 : Offset=0 : Dsize=16 : Bsize=1

I_top.I_TrafficGen_PV : start RD [0x240] : Dsize=16 : Offset=0 : Bsize=4
I_top.I_TrafficGen_PV : RD: Response: [0x240]=12c4 : 0

I_top.I_TrafficGen_PV : start RD [0x242] : Dsize=16 : Offset=0 : Bsize=4
I_top.I_TrafficGen_PV : RD: Response: [0x242]=12c5 : 0

I_top.I_TrafficGen_PV : start RD [0x244] : Dsize=16 : Offset=0 : Bsize=4
I_top.I_TrafficGen_PV : RD: Response: [0x244]=12c6 : 0

I_top.I_TrafficGen_PV : start RD [0x246] : Dsize=16 : Offset=0 : Bsize=4
I_top.I_TrafficGen_PV : RD: Response: [0x246]=12c7 : 0
I_top.I_TrafficGen_PV : start WR [0x250]=55aa : Offset=16 : Dsize=16 : Bsize=1
I_top.I_TrafficGen_PV : start WR [0x252]=55aa : Offset=16 : Dsize=16 : Bsize=1
I_top.I_TrafficGen_PV : start WR [0x254]=55aa : Offset=16 : Dsize=16 : Bsize=1
I_top.I_TrafficGen_PV : start WR [0x256]=55aa : Offset=16 : Dsize=16 : Bsize=1

I_top.I_TrafficGen_PV : start RD [0x250] : Dsize=16 : Offset=16 : Bsize=4
I_top.I_TrafficGen_PV : RD: Response: [0x250]=55aa : 0

I_top.I_TrafficGen_PV : start RD [0x252] : Dsize=16 : Offset=16 : Bsize=4
I_top.I_TrafficGen_PV : RD: Response: [0x252]=55aa : 0

I_top.I_TrafficGen_PV : start RD [0x254] : Dsize=16 : Offset=16 : Bsize=4
I_top.I_TrafficGen_PV : RD: Response: [0x254]=55aa : 0

I_top.I_TrafficGen_PV : start RD [0x256] : Dsize=16 : Offset=16 : Bsize=4
I_top.I_TrafficGen_PV : RD: Response: [0x256]=55aa : 0
I_top.I_TrafficGen_PV : start WR [0x260]=cc : Offset=0 : Dsize=8 : Bsize=1
I_top.I_TrafficGen_PV : start WR [0x261]=cd : Offset=0 : Dsize=8 : Bsize=1
I_top.I_TrafficGen_PV : start WR [0x262]=ce : Offset=0 : Dsize=8 : Bsize=1
I_top.I_TrafficGen_PV : start WR [0x263]=cf : Offset=0 : Dsize=8 : Bsize=1

I_top.I_TrafficGen_PV : start RD [0x260] : Dsize=8 : Offset=0 : Bsize=4
I_top.I_TrafficGen_PV : RD: Response: [0x260]=cc : 0

I_top.I_TrafficGen_PV : start RD [0x261] : Dsize=8 : Offset=0 : Bsize=4
I_top.I_TrafficGen_PV : RD: Response: [0x261]=cd : 0

I_top.I_TrafficGen_PV : start RD [0x262] : Dsize=8 : Offset=0 : Bsize=4
I_top.I_TrafficGen_PV : RD: Response: [0x262]=ce : 0

I_top.I_TrafficGen_PV : start RD [0x263] : Dsize=8 : Offset=0 : Bsize=4
I_top.I_TrafficGen_PV : RD: Response: [0x263]=cf : 0
I_top.I_TrafficGen_PV : start WR [0x270]=12 : Offset=8 : Dsize=8 : Bsize=1
I_top.I_TrafficGen_PV : start WR [0x271]=12 : Offset=8 : Dsize=8 : Bsize=1
I_top.I_TrafficGen_PV : start WR [0x272]=12 : Offset=8 : Dsize=8 : Bsize=1
I_top.I_TrafficGen_PV : start WR [0x273]=12 : Offset=8 : Dsize=8 : Bsize=1

I_top.I_TrafficGen_PV : start RD [0x270] : Dsize=8 : Offset=8 : Bsize=4
I_top.I_TrafficGen_PV : RD: Response: [0x270]=12 : 0

I_top.I_TrafficGen_PV : start RD [0x271] : Dsize=8 : Offset=8 : Bsize=4
I_top.I_TrafficGen_PV : RD: Response: [0x271]=12 : 0

I_top.I_TrafficGen_PV : start RD [0x272] : Dsize=8 : Offset=8 : Bsize=4
I_top.I_TrafficGen_PV : RD: Response: [0x272]=12 : 0

I_top.I_TrafficGen_PV : start RD [0x273] : Dsize=8 : Offset=8 : Bsize=4
I_top.I_TrafficGen_PV : RD: Response: [0x273]=12 : 0

I_top.I_TrafficGen_PV : TEST COMPLETE : NumBursts=40
