This file contains any messages produced by compilers while
running configure, to aid debugging if configure makes a mistake.

It was created by configure, which was
generated by GNU Autoconf 2.59.  Invocation command line was

  $ ../configure --prefix=/nfs/imu/proj/dbb/vpmuc/third_party/tools/scml --with-systemc=/p/inway/eda/opensource/systemc/2.3/systemc-install_2.3.0/libraries/Release/Linux_64/gcc_4.5.2/

## --------- ##
## Platform. ##
## --------- ##

hostname = musxbubo052
uname -m = x86_64
uname -r = 2.6.18-371.4.1.el5debug
uname -s = Linux
uname -v = #1 SMP Wed Jan 8 18:50:54 EST 2014

/usr/bin/uname -p = unknown
/bin/uname -X     = unknown

/bin/arch              = x86_64
/usr/bin/arch -k       = unknown
/usr/convex/getsysinfo = unknown
hostinfo               = unknown
/bin/machine           = unknown
/usr/bin/oslevel       = unknown
/bin/universe          = unknown

PATH: /nfs/site/proj/inway/tools/opensource/gcc/4.5.2/bin
PATH: /opt/lsf_8.0.1/bin
PATH: /p/dbb/vpmuc/ipuvp/nodm/default/bin
PATH: /nfs/site/proj/inway/flow/iwkernel_3.2/bin
PATH: /nfs/site/proj/inway/flow/inway_7.0/bin
PATH: /usr/lib64/qt-3.3/bin
PATH: /usr/kerberos/bin
PATH: /bin
PATH: /usr/bin
PATH: .
PATH: /p/dbb/vpmuc/bin
PATH: /usr/ucb
PATH: /nfs/site/proj/inway/flow/inway_7.0/bin_post
PATH: /usr/local/bin
PATH: /usr/intel/bin


## ----------- ##
## Core tests. ##
## ----------- ##

configure:1311: checking build system type
configure:1329: result: x86_64-unknown-linux-gnu
configure:1337: checking host system type
configure:1351: result: x86_64-unknown-linux-gnu
configure:1359: checking target system type
configure:1373: result: x86_64-unknown-linux-gnu
configure:1401: checking for a BSD-compatible install
configure:1456: result: /usr/bin/install -c
configure:1467: checking whether build environment is sane
configure:1510: result: yes
configure:1575: checking for gawk
configure:1591: found /bin/gawk
configure:1601: result: gawk
configure:1611: checking whether make sets $(MAKE)
configure:1631: result: yes
configure:1837: checking for gcc
configure:1853: found /nfs/site/proj/inway/tools/opensource/gcc/4.5.2/bin/gcc
configure:1863: result: gcc
configure:2107: checking for C compiler version
configure:2110: gcc --version </dev/null >&5
gcc (GCC) 4.5.2
Copyright (C) 2010 Free Software Foundation, Inc.
This is free software; see the source for copying conditions.  There is NO
warranty; not even for MERCHANTABILITY or FITNESS FOR A PARTICULAR PURPOSE.

configure:2113: $? = 0
configure:2115: gcc -v </dev/null >&5
Using built-in specs.
COLLECT_GCC=/nfs/site/proj/inway/tools/opensource/gcc/4.5.2/linux50_64/bin/gcc
COLLECT_LTO_WRAPPER=/nfs/site/proj/inway/tools/opensource/gcc/4.5.2/linux50_64/libexec/gcc/x86_64-unknown-linux-gnu/4.5.2/lto-wrapper
Target: x86_64-unknown-linux-gnu
Configured with: ../../gcc-4.5.2/configure --prefix=/nfs/site/proj/inway/tools/opensource/gcc/4.5.2/linux50_64 --datadir=/nfs/site/proj/inway/tools/opensource/gcc/4.5.2/share --infodir=/nfs/site/proj/inway/tools/opensource/gcc/4.5.2/info --mandir=/nfs/site/proj/inway/tools/opensource/gcc/4.5.2/man --enable-shared --enable-languages=c,c++,fortran --with-mpfr-include=/nfs/site/proj/inway/tools/opensource/gcc/4.5.2/linux50_64/ext/include --with-mpfr-lib=/nfs/site/proj/inway/tools/opensource/gcc/4.5.2/linux50_64/ext/lib64 --with-gmp-include=/nfs/site/proj/inway/tools/opensource/gcc/4.5.2/linux50_64/ext/include --with-gmp-lib=/nfs/site/proj/inway/tools/opensource/gcc/4.5.2/linux50_64/ext/lib64 --with-mpc-include=/nfs/site/proj/inway/tools/opensource/gcc/4.5.2/linux50_64/ext/include --with-mpc-lib=/nfs/site/proj/inway/tools/opensource/gcc/4.5.2/linux50_64/ext/lib64 --with-pic --with-libiconv-prefix=/nfs/site/proj/inway/tools/opensource/gcc/4.5.2/linux50_64/ext --with-libintl-prefix=/nfs/site/proj/inway/tools/opensource/gcc/4.5.2/linux50_64/ext
Thread model: posix
gcc version 4.5.2 (GCC) 
configure:2118: $? = 0
configure:2120: gcc -V </dev/null >&5
gcc: '-V' option must have argument
configure:2123: $? = 1
configure:2146: checking for C compiler default output file name
configure:2149: gcc    conftest.c  >&5
configure:2152: $? = 0
configure:2198: result: a.out
configure:2203: checking whether the C compiler works
configure:2209: ./a.out
configure:2212: $? = 0
configure:2229: result: yes
configure:2236: checking whether we are cross compiling
configure:2238: result: no
configure:2241: checking for suffix of executables
configure:2243: gcc -o conftest    conftest.c  >&5
configure:2246: $? = 0
configure:2271: result: 
configure:2277: checking for suffix of object files
configure:2298: gcc -c   conftest.c >&5
configure:2301: $? = 0
configure:2323: result: o
configure:2327: checking whether we are using the GNU C compiler
configure:2351: gcc -c   conftest.c >&5
configure:2357: $? = 0
configure:2361: test -z 
			 || test ! -s conftest.err
configure:2364: $? = 0
configure:2367: test -s conftest.o
configure:2370: $? = 0
configure:2383: result: yes
configure:2389: checking whether gcc accepts -g
configure:2410: gcc -c -g  conftest.c >&5
configure:2416: $? = 0
configure:2420: test -z 
			 || test ! -s conftest.err
configure:2423: $? = 0
configure:2426: test -s conftest.o
configure:2429: $? = 0
configure:2440: result: yes
configure:2457: checking for gcc option to accept ANSI C
configure:2527: gcc  -c -g -O2  conftest.c >&5
configure:2533: $? = 0
configure:2537: test -z 
			 || test ! -s conftest.err
configure:2540: $? = 0
configure:2543: test -s conftest.o
configure:2546: $? = 0
configure:2564: result: none needed
configure:2582: gcc -c -g -O2  conftest.c >&5
conftest.c:2:9: error: expected '=', ',', ';', 'asm' or '__attribute__' before 'me'
configure:2588: $? = 1
configure: failed program was:
| #ifndef __cplusplus
|   choke me
| #endif
configure:2732: checking for style of include used by make
configure:2760: result: GNU
configure:2788: checking dependency style of gcc
configure:2878: result: gcc3
configure:2947: checking for g++
configure:2963: found /nfs/site/proj/inway/tools/opensource/gcc/4.5.2/bin/g++
configure:2973: result: g++
configure:2989: checking for C++ compiler version
configure:2992: g++ --version </dev/null >&5
g++ (GCC) 4.5.2
Copyright (C) 2010 Free Software Foundation, Inc.
This is free software; see the source for copying conditions.  There is NO
warranty; not even for MERCHANTABILITY or FITNESS FOR A PARTICULAR PURPOSE.

configure:2995: $? = 0
configure:2997: g++ -v </dev/null >&5
Using built-in specs.
COLLECT_GCC=/nfs/site/proj/inway/tools/opensource/gcc/4.5.2/linux50_64/bin/g++
COLLECT_LTO_WRAPPER=/nfs/site/proj/inway/tools/opensource/gcc/4.5.2/linux50_64/libexec/gcc/x86_64-unknown-linux-gnu/4.5.2/lto-wrapper
Target: x86_64-unknown-linux-gnu
Configured with: ../../gcc-4.5.2/configure --prefix=/nfs/site/proj/inway/tools/opensource/gcc/4.5.2/linux50_64 --datadir=/nfs/site/proj/inway/tools/opensource/gcc/4.5.2/share --infodir=/nfs/site/proj/inway/tools/opensource/gcc/4.5.2/info --mandir=/nfs/site/proj/inway/tools/opensource/gcc/4.5.2/man --enable-shared --enable-languages=c,c++,fortran --with-mpfr-include=/nfs/site/proj/inway/tools/opensource/gcc/4.5.2/linux50_64/ext/include --with-mpfr-lib=/nfs/site/proj/inway/tools/opensource/gcc/4.5.2/linux50_64/ext/lib64 --with-gmp-include=/nfs/site/proj/inway/tools/opensource/gcc/4.5.2/linux50_64/ext/include --with-gmp-lib=/nfs/site/proj/inway/tools/opensource/gcc/4.5.2/linux50_64/ext/lib64 --with-mpc-include=/nfs/site/proj/inway/tools/opensource/gcc/4.5.2/linux50_64/ext/include --with-mpc-lib=/nfs/site/proj/inway/tools/opensource/gcc/4.5.2/linux50_64/ext/lib64 --with-pic --with-libiconv-prefix=/nfs/site/proj/inway/tools/opensource/gcc/4.5.2/linux50_64/ext --with-libintl-prefix=/nfs/site/proj/inway/tools/opensource/gcc/4.5.2/linux50_64/ext
Thread model: posix
gcc version 4.5.2 (GCC) 
configure:3000: $? = 0
configure:3002: g++ -V </dev/null >&5
g++: '-V' option must have argument
configure:3005: $? = 1
configure:3008: checking whether we are using the GNU C++ compiler
configure:3032: g++ -c   conftest.cc >&5
configure:3038: $? = 0
configure:3042: test -z 
			 || test ! -s conftest.err
configure:3045: $? = 0
configure:3048: test -s conftest.o
configure:3051: $? = 0
configure:3064: result: yes
configure:3070: checking whether g++ accepts -g
configure:3091: g++ -c -g  conftest.cc >&5
configure:3097: $? = 0
configure:3101: test -z 
			 || test ! -s conftest.err
configure:3104: $? = 0
configure:3107: test -s conftest.o
configure:3110: $? = 0
configure:3121: result: yes
configure:3163: g++ -c -g -O2  conftest.cc >&5
configure:3169: $? = 0
configure:3173: test -z 
			 || test ! -s conftest.err
configure:3176: $? = 0
configure:3179: test -s conftest.o
configure:3182: $? = 0
configure:3208: g++ -c -g -O2  conftest.cc >&5
conftest.cc: In function 'int main()':
conftest.cc:13:9: error: 'exit' was not declared in this scope
configure:3214: $? = 1
configure: failed program was:
| /* confdefs.h.  */
| 
| #define PACKAGE_NAME ""
| #define PACKAGE_TARNAME ""
| #define PACKAGE_VERSION ""
| #define PACKAGE_STRING ""
| #define PACKAGE_BUGREPORT ""
| /* end confdefs.h.  */
| 
| int
| main ()
| {
| exit (42);
|   ;
|   return 0;
| }
configure:3163: g++ -c -g -O2  conftest.cc >&5
conftest.cc:9:40: error: 'void std::exit(int)' should have been declared inside 'std'
configure:3169: $? = 1
configure: failed program was:
| /* confdefs.h.  */
| 
| #define PACKAGE_NAME ""
| #define PACKAGE_TARNAME ""
| #define PACKAGE_VERSION ""
| #define PACKAGE_STRING ""
| #define PACKAGE_BUGREPORT ""
| /* end confdefs.h.  */
| extern "C" void std::exit (int) throw (); using std::exit;
| #include <stdlib.h>
| int
| main ()
| {
| exit (42);
|   ;
|   return 0;
| }
configure:3163: g++ -c -g -O2  conftest.cc >&5
conftest.cc:9:31: error: 'void std::exit(int)' should have been declared inside 'std'
In file included from conftest.cc:10:0:
/usr/include/stdlib.h:646:70: error: declaration of 'void std::exit(int) throw ()' throws different exceptions
conftest.cc:9:17: error: from previous declaration 'void std::exit(int)'
configure:3169: $? = 1
configure: failed program was:
| /* confdefs.h.  */
| 
| #define PACKAGE_NAME ""
| #define PACKAGE_TARNAME ""
| #define PACKAGE_VERSION ""
| #define PACKAGE_STRING ""
| #define PACKAGE_BUGREPORT ""
| /* end confdefs.h.  */
| extern "C" void std::exit (int); using std::exit;
| #include <stdlib.h>
| int
| main ()
| {
| exit (42);
|   ;
|   return 0;
| }
configure:3163: g++ -c -g -O2  conftest.cc >&5
configure:3169: $? = 0
configure:3173: test -z 
			 || test ! -s conftest.err
configure:3176: $? = 0
configure:3179: test -s conftest.o
configure:3182: $? = 0
configure:3208: g++ -c -g -O2  conftest.cc >&5
configure:3214: $? = 0
configure:3218: test -z 
			 || test ! -s conftest.err
configure:3221: $? = 0
configure:3224: test -s conftest.o
configure:3227: $? = 0
configure:3252: checking dependency style of g++
configure:3342: result: gcc3
configure:3400: checking for ranlib
configure:3416: found /nfs/site/proj/inway/tools/opensource/gcc/4.5.2/bin/ranlib
configure:3427: result: ranlib
configure:3452: checking for a BSD-compatible install
configure:3507: result: /usr/bin/install -c
configure:3629: checking "for /p/inway/eda/opensource/systemc/2.3/systemc-install_2.3.0/libraries/Release/Linux_64/gcc_4.5.2/lib-linux64-/libsystemc.a"
configure:3636: result: no
configure:3642: checking "for /p/inway/eda/opensource/systemc/2.3/systemc-install_2.3.0/libraries/Release/Linux_64/gcc_4.5.2/lib-linux64/libsystemc.a"
configure:3649: result: no
configure:3655: checking "for /p/inway/eda/opensource/systemc/2.3/systemc-install_2.3.0/libraries/Release/Linux_64/gcc_4.5.2/lib-linux-/libsystemc.a"
configure:3662: result: no
configure:3668: checking "for /p/inway/eda/opensource/systemc/2.3/systemc-install_2.3.0/libraries/Release/Linux_64/gcc_4.5.2/lib-linux/libsystemc.a"
configure:3672: result: yes
configure:3707: checking "for /p/inway/eda/opensource/systemc/2.3/systemc-install_2.3.0/libraries/Release/Linux_64/gcc_4.5.2/include/systemc.h"
configure:3711: result: yes
configure:3746: checking for tlm directory
configure:3763: result: /p/inway/eda/opensource/systemc/2.3/systemc-install_2.3.0/libraries/Release/Linux_64/gcc_4.5.2/include
configure:3785: checking "for /p/inway/eda/opensource/systemc/2.3/systemc-install_2.3.0/libraries/Release/Linux_64/gcc_4.5.2/include/tlm.h"
configure:3789: result: yes
configure:4149: creating ./config.status

## ---------------------- ##
## Running config.status. ##
## ---------------------- ##

This file was extended by config.status, which was
generated by GNU Autoconf 2.59.  Invocation command line was

  CONFIG_FILES    = 
  CONFIG_HEADERS  = 
  CONFIG_LINKS    = 
  CONFIG_COMMANDS = 
  $ ./config.status 

on musxbubo052

config.status:731: creating Makefile
config.status:731: creating src/Makefile
config.status:731: creating src/ModelingObjects/Makefile
config.status:731: creating src/PV/Makefile
config.status:731: creating src/scml2/Makefile
config.status:731: creating src/scml2_logging/Makefile
config.status:731: creating src/scml2_testing/Makefile
config.status:731: creating examples/Makefile
config.status:731: creating examples/simple_timer/Makefile
config.status:731: creating examples/simple_timer/PV/Makefile
config.status:731: creating examples/simple_IPE/Makefile
config.status:731: creating examples/simple_IPE/PV/Makefile
config.status:731: creating examples/HWaccelerator/Makefile
config.status:731: creating examples/HWaccelerator/PV/Makefile
config.status:731: creating examples/Memory/Makefile
config.status:731: creating examples/Memory/PV/Makefile
config.status:731: creating examples/Memory/TLM2/Makefile
config.status:731: creating examples/cache/Makefile
config.status:731: creating examples/cache/PV/Makefile
config.status:731: creating examples/scml2/Makefile
config.status:731: creating examples/scml2/ExampleMemory/Makefile
config.status:907: executing depfiles commands

## ---------------- ##
## Cache variables. ##
## ---------------- ##

ac_cv_build=x86_64-unknown-linux-gnu
ac_cv_build_alias=x86_64-unknown-linux-gnu
ac_cv_c_compiler_gnu=yes
ac_cv_cxx_compiler_gnu=yes
ac_cv_env_CC_set=
ac_cv_env_CC_value=
ac_cv_env_CFLAGS_set=
ac_cv_env_CFLAGS_value=
ac_cv_env_CPPFLAGS_set=
ac_cv_env_CPPFLAGS_value=
ac_cv_env_CXXFLAGS_set=
ac_cv_env_CXXFLAGS_value=
ac_cv_env_CXX_set=
ac_cv_env_CXX_value=
ac_cv_env_LDFLAGS_set=
ac_cv_env_LDFLAGS_value=
ac_cv_env_build_alias_set=
ac_cv_env_build_alias_value=
ac_cv_env_host_alias_set=
ac_cv_env_host_alias_value=
ac_cv_env_target_alias_set=
ac_cv_env_target_alias_value=
ac_cv_exeext=
ac_cv_host=x86_64-unknown-linux-gnu
ac_cv_host_alias=x86_64-unknown-linux-gnu
ac_cv_objext=o
ac_cv_path_install='/usr/bin/install -c'
ac_cv_prog_AWK=gawk
ac_cv_prog_ac_ct_CC=gcc
ac_cv_prog_ac_ct_CXX=g++
ac_cv_prog_ac_ct_RANLIB=ranlib
ac_cv_prog_cc_g=yes
ac_cv_prog_cc_stdc=
ac_cv_prog_cxx_g=yes
ac_cv_prog_make_make_set=yes
ac_cv_target=x86_64-unknown-linux-gnu
ac_cv_target_alias=x86_64-unknown-linux-gnu
am_cv_CC_dependencies_compiler_type=gcc3
am_cv_CXX_dependencies_compiler_type=gcc3

## ----------------- ##
## Output variables. ##
## ----------------- ##

ACLOCAL='${SHELL} /p/dbb/vpmuc/third_party/tools/scml-2.1.3/config/missing --run aclocal-1.9'
AMDEPBACKSLASH='\'
AMDEP_FALSE='#'
AMDEP_TRUE=''
AMTAR='${SHELL} /p/dbb/vpmuc/third_party/tools/scml-2.1.3/config/missing --run tar'
AR_TOOL='ar cru'
AS='as'
AUTOCONF='${SHELL} /p/dbb/vpmuc/third_party/tools/scml-2.1.3/config/missing --run autoconf'
AUTOHEADER='${SHELL} /p/dbb/vpmuc/third_party/tools/scml-2.1.3/config/missing --run autoheader'
AUTOMAKE='${SHELL} /p/dbb/vpmuc/third_party/tools/scml-2.1.3/config/missing --run automake-1.9'
AWK='gawk'
CC='g++'
CCDEPMODE='depmode=gcc3'
CFLAGS='-Wall -O3'
COMMONINC='-DSC_USE_STD_STRING -I/p/dbb/vpmuc/third_party/tools/scml-2.1.3/config/include  -I/p/inway/eda/opensource/systemc/2.3/systemc-install_2.3.0/libraries/Release/Linux_64/gcc_4.5.2/include -I/p/inway/eda/opensource/systemc/2.3/systemc-install_2.3.0/libraries/Release/Linux_64/gcc_4.5.2/include'
COMMONLIB='-L/p/dbb/vpmuc/third_party/tools/scml-2.1.3/config/lib-linux64 -lscml2 -lscml2_logging -lscml2_testing -L/p/dbb/vpmuc/third_party/tools/scml-2.1.3/config/lib-linux64 -lModelingObjects -lscml2_logging -L/p/inway/eda/opensource/systemc/2.3/systemc-install_2.3.0/libraries/Release/Linux_64/gcc_4.5.2/lib-linux -lsystemc '
CPPFLAGS=''
CXX='g++'
CXXDEPMODE='depmode=gcc3'
CXXFLAGS='-Wall -O3'
CYGPATH_W='echo'
DEBUG_CXXFLAGS='-g'
DEFS='-DPACKAGE_NAME=\"\" -DPACKAGE_TARNAME=\"\" -DPACKAGE_VERSION=\"\" -DPACKAGE_STRING=\"\" -DPACKAGE_BUGREPORT=\"\" '
DEPDIR='.deps'
ECHO_C=''
ECHO_N='-n'
ECHO_T=''
EXEEXT=''
EXTRA_CXXFLAGS='-Wall'
INSTALL_DATA='${INSTALL} -m 644'
INSTALL_PROGRAM='${INSTALL}'
INSTALL_SCRIPT='${INSTALL}'
INSTALL_STRIP_PROGRAM='${SHELL} $(install_sh) -c -s'
LDFLAGS=''
LIBOBJS=''
LIBS=''
LTLIBOBJS=''
MAIN_LIBRARY='libModelingObjects.a'
MAKEINFO='${SHELL} /p/dbb/vpmuc/third_party/tools/scml-2.1.3/config/missing --run makeinfo'
OBJEXT='o'
OPT_CXXFLAGS='-O3'
OSCITLM_INC='-I/p/inway/eda/opensource/systemc/2.3/systemc-install_2.3.0/libraries/Release/Linux_64/gcc_4.5.2/include'
PACKAGE='package'
PACKAGE_BUGREPORT=''
PACKAGE_NAME=''
PACKAGE_STRING=''
PACKAGE_TARNAME=''
PACKAGE_VERSION=''
PATH_SEPARATOR=':'
QT_ARCH='x86_64'
RANLIB='ranlib'
SET_MAKE=''
SHELL='/bin/sh'
STRIP=''
SYSC_INC='-I/p/inway/eda/opensource/systemc/2.3/systemc-install_2.3.0/libraries/Release/Linux_64/gcc_4.5.2/include'
TARGET_ARCH='linux64'
VERSION='version'
ac_ct_CC='gcc'
ac_ct_CXX='g++'
ac_ct_RANLIB='ranlib'
ac_ct_STRIP=''
am__fastdepCC_FALSE='#'
am__fastdepCC_TRUE=''
am__fastdepCXX_FALSE='#'
am__fastdepCXX_TRUE=''
am__include='include'
am__leading_dot='.'
am__quote=''
am__tar='${AMTAR} chof - "$$tardir"'
am__untar='${AMTAR} xf -'
bindir='${exec_prefix}/bin'
build='x86_64-unknown-linux-gnu'
build_alias=''
build_cpu='x86_64'
build_os='linux-gnu'
build_vendor='unknown'
datadir='${prefix}/share'
exec_prefix='${prefix}'
host='x86_64-unknown-linux-gnu'
host_alias=''
host_cpu='x86_64'
host_os='linux-gnu'
host_vendor='unknown'
includedir='${prefix}/include'
infodir='${prefix}/info'
install_sh='/p/dbb/vpmuc/third_party/tools/scml-2.1.3/config/install-sh'
libdir='${exec_prefix}/lib'
libexecdir='${exec_prefix}/libexec'
localstatedir='${prefix}/var'
mandir='${prefix}/man'
mkdir_p='mkdir -p --'
oldincludedir='/usr/include'
prefix='/p/dbb/vpmuc/third_party/tools/scml-2.1.3/config'
program_transform_name='s,x,x,'
sbindir='${exec_prefix}/sbin'
sharedstatedir='${prefix}/com'
sysconfdir='${prefix}/etc'
target='x86_64-unknown-linux-gnu'
target_alias=''
target_cpu='x86_64'
target_os='linux-gnu'
target_vendor='unknown'

## ----------- ##
## confdefs.h. ##
## ----------- ##

#define PACKAGE_BUGREPORT ""
#define PACKAGE_NAME ""
#define PACKAGE_STRING ""
#define PACKAGE_TARNAME ""
#define PACKAGE_VERSION ""
#endif
#ifdef __cplusplus
extern "C" void exit (int) throw ();

configure: exit 0
